C:\USERS\RAN\DOCUMENTS\VISUAL STUDIO 2010\PROJECTS\VISION\DEBUG\TADD.EXE
C:\USERS\RAN\DOCUMENTS\VISUAL STUDIO 2010\PROJECTS\VISION\DEBUG\TADD.ILK
C:\USERS\RAN\DOCUMENTS\VISUAL STUDIO 2010\PROJECTS\VISION\DEBUG\TADD.PDB
C:\Users\Ran\Documents\Visual Studio 2010\Projects\vision\vision\Debug\cl.command.1.tlog
C:\Users\Ran\Documents\Visual Studio 2010\Projects\vision\vision\Debug\CL.read.1.tlog
C:\Users\Ran\Documents\Visual Studio 2010\Projects\vision\vision\Debug\CL.write.1.tlog
C:\Users\Ran\Documents\Visual Studio 2010\Projects\vision\vision\Debug\link.command.1.tlog
C:\Users\Ran\Documents\Visual Studio 2010\Projects\vision\vision\Debug\link.read.1.tlog
C:\Users\Ran\Documents\Visual Studio 2010\Projects\vision\vision\Debug\link.write.1.tlog
C:\Users\Ran\Documents\Visual Studio 2010\Projects\vision\vision\Debug\link-cvtres.read.1.tlog
C:\Users\Ran\Documents\Visual Studio 2010\Projects\vision\vision\Debug\link-cvtres.write.1.tlog
C:\Users\Ran\Documents\Visual Studio 2010\Projects\vision\vision\Debug\mt.command.1.tlog
C:\Users\Ran\Documents\Visual Studio 2010\Projects\vision\vision\Debug\mt.read.1.tlog
C:\Users\Ran\Documents\Visual Studio 2010\Projects\vision\vision\Debug\mt.write.1.tlog
C:\Users\Ran\Documents\Visual Studio 2010\Projects\vision\vision\Debug\rc.command.1.tlog
C:\Users\Ran\Documents\Visual Studio 2010\Projects\vision\vision\Debug\rc.read.1.tlog
C:\Users\Ran\Documents\Visual Studio 2010\Projects\vision\vision\Debug\rc.write.1.tlog
C:\USERS\RAN\DOCUMENTS\VISUAL STUDIO 2010\PROJECTS\VISION\VISION\DEBUG\STDAFX.OBJ
C:\USERS\RAN\DOCUMENTS\VISUAL STUDIO 2010\PROJECTS\VISION\VISION\DEBUG\TADD.EXE.EMBED.MANIFEST
C:\USERS\RAN\DOCUMENTS\VISUAL STUDIO 2010\PROJECTS\VISION\VISION\DEBUG\TADD.EXE.EMBED.MANIFEST.RES
C:\USERS\RAN\DOCUMENTS\VISUAL STUDIO 2010\PROJECTS\VISION\VISION\DEBUG\TADD.EXE.INTERMEDIATE.MANIFEST
C:\USERS\RAN\DOCUMENTS\VISUAL STUDIO 2010\PROJECTS\VISION\VISION\DEBUG\TADD.PCH
C:\Users\Ran\Documents\Visual Studio 2010\Projects\vision\vision\Debug\TADD.write.1.tlog
C:\Users\Ran\Documents\Visual Studio 2010\Projects\vision\vision\Debug\TADD_manifest.rc
C:\Users\Ran\Documents\Visual Studio 2010\Projects\vision\vision\Debug\vc100.idb
C:\USERS\RAN\DOCUMENTS\VISUAL STUDIO 2010\PROJECTS\VISION\VISION\DEBUG\VC100.PDB
C:\USERS\RAN\DOCUMENTS\VISUAL STUDIO 2010\PROJECTS\VISION\VISION\DEBUG\VISION.OBJ
C:\USERS\RAN\DOCUMENTS\VISUAL STUDIO 2010\PROJECTS\VISION\VISION\DEBUG\VISION.RES
C:\USERS\RAN\DOCUMENTS\VISUAL STUDIO 2010\PROJECTS\VISION\VISION\DEBUG\VISIONDLG.OBJ
