Build started 17/11/2014 14:12:41.
     1>Project "C:\Users\Ran\Documents\Visual Studio 2010\Projects\Auto_TADD\vision\vision.vcxproj" on node 2 (rebuild target(s)).
     1>_PrepareForClean:
         Deleting file "Debug\TADD.lastbuildstate".
       InitializeBuildStatus:
         Touching "Debug\TADD.unsuccessfulbuild".
       ClCompile:
         c:\Program Files (x86)\Microsoft Visual Studio 10.0\VC\bin\CL.exe /c /ZI /nologo /W3 /WX- /Od /Oy- /D WIN32 /D _WINDOWS /D _DEBUG /D _MBCS /D _AFXDLL /Gm /EHsc /RTC1 /MDd /GS /fp:precise /Zc:wchar_t /Zc:forScope /Yc"StdAfx.h" /Fp"Debug\TADD.pch" /Fo"Debug\\" /Fd"Debug\vc100.pdb" /Gd /TP /analyze- /errorReport:prompt stdafx.cpp
         stdafx.cpp
         c:\Program Files (x86)\Microsoft Visual Studio 10.0\VC\bin\CL.exe /c /ZI /nologo /W3 /WX- /Od /Oy- /D WIN32 /D _WINDOWS /D _DEBUG /D _MBCS /D _AFXDLL /Gm /EHsc /RTC1 /MDd /GS /fp:precise /Zc:wchar_t /Zc:forScope /Yu"StdAfx.h" /Fp"Debug\TADD.pch" /Fo"Debug\\" /Fd"Debug\vc100.pdb" /Gd /TP /analyze- /errorReport:prompt vision.cpp visionDlg.cpp
         visionDlg.cpp
     1>c:\users\ran\documents\visual studio 2010\projects\auto_tadd\vision\visiondlg.cpp(11): warning C4005: '_WIN32_WINNT' : macro redefinition
                 c:\program files (x86)\microsoft sdks\windows\v7.0a\include\sdkddkver.h(197) : see previous definition of '_WIN32_WINNT'
     1>c:\users\ran\documents\visual studio 2010\projects\auto_tadd\vision\visiondlg.cpp(391): warning C4244: 'initializing' : conversion from 'double' to 'float', possible loss of data
     1>c:\users\ran\documents\visual studio 2010\projects\auto_tadd\vision\visiondlg.cpp(475): warning C4244: 'initializing' : conversion from 'double' to 'float', possible loss of data
     1>c:\users\ran\documents\visual studio 2010\projects\auto_tadd\vision\visiondlg.cpp(795): warning C4244: 'initializing' : conversion from 'double' to 'float', possible loss of data
     1>c:\users\ran\documents\visual studio 2010\projects\auto_tadd\vision\visiondlg.cpp(962): warning C4244: 'initializing' : conversion from 'double' to 'float', possible loss of data
         vision.cpp
         Generating Code...
       ResourceCompile:
         C:\Program Files (x86)\Microsoft SDKs\Windows\v7.0A\bin\rc.exe /D _DEBUG /D _AFXDLL /l"0x0409" /IDebug\ /nologo /fo"Debug\vision.res" vision.rc 
       ManifestResourceCompile:
         C:\Program Files (x86)\Microsoft SDKs\Windows\v7.0A\bin\rc.exe /nologo /fo"Debug\TADD.exe.embed.manifest.res" Debug\TADD_manifest.rc 
       Link:
         c:\Program Files (x86)\Microsoft Visual Studio 10.0\VC\bin\link.exe /ERRORREPORT:PROMPT /OUT:"C:\Users\Ran\Documents\Visual Studio 2010\Projects\Auto_TADD\Debug\TADD.exe" /INCREMENTAL /NOLOGO /LIBPATH:C:\Qt\Qt5.2.1\5.2.1\msvc2010\lib /LIBPATH:C:\OpenCV\buildqt\lib\Debug opencv_calib3d248d.lib opencv_core248d.lib opencv_features2d248d.lib opencv_flann248d.lib opencv_highgui248d.lib opencv_video248d.lib opencv_nonfree248d.lib opencv_imgproc248d.lib /MANIFEST /ManifestFile:"Debug\TADD.exe.intermediate.manifest" /MANIFESTUAC:"level='asInvoker' uiAccess='false'" /DEBUG /PDB:"C:\Users\Ran\Documents\Visual Studio 2010\Projects\Auto_TADD\Debug\TADD.pdb" /SUBSYSTEM:WINDOWS /TLBID:1 /DYNAMICBASE /NXCOMPAT /IMPLIB:"C:\Users\Ran\Documents\Visual Studio 2010\Projects\Auto_TADD\Debug\TADD.lib" /MACHINE:X86 Debug\vision.res
         Debug\TADD.exe.embed.manifest.res
         Debug\stdafx.obj
         Debug\vision.obj
         Debug\visionDlg.obj
       Manifest:
         Deleting file "Debug\TADD.exe.embed.manifest".
         C:\Program Files (x86)\Microsoft SDKs\Windows\v7.0A\bin\mt.exe /nologo /verbose /out:"Debug\TADD.exe.embed.manifest" /manifest Debug\TADD.exe.intermediate.manifest "c:\Program Files (x86)\Microsoft Visual Studio 10.0\VC\Include\Manifest\dpiaware.manifest"
         C:\Program Files (x86)\Microsoft SDKs\Windows\v7.0A\bin\rc.exe /nologo /fo"Debug\TADD.exe.embed.manifest.res" Debug\TADD_manifest.rc 
       LinkEmbedManifest:
         c:\Program Files (x86)\Microsoft Visual Studio 10.0\VC\bin\link.exe /ERRORREPORT:PROMPT /OUT:"C:\Users\Ran\Documents\Visual Studio 2010\Projects\Auto_TADD\Debug\TADD.exe" /INCREMENTAL /NOLOGO /LIBPATH:C:\Qt\Qt5.2.1\5.2.1\msvc2010\lib /LIBPATH:C:\OpenCV\buildqt\lib\Debug opencv_calib3d248d.lib opencv_core248d.lib opencv_features2d248d.lib opencv_flann248d.lib opencv_highgui248d.lib opencv_video248d.lib opencv_nonfree248d.lib opencv_imgproc248d.lib /MANIFEST /ManifestFile:"Debug\TADD.exe.intermediate.manifest" /MANIFESTUAC:"level='asInvoker' uiAccess='false'" /DEBUG /PDB:"C:\Users\Ran\Documents\Visual Studio 2010\Projects\Auto_TADD\Debug\TADD.pdb" /SUBSYSTEM:WINDOWS /TLBID:1 /DYNAMICBASE /NXCOMPAT /IMPLIB:"C:\Users\Ran\Documents\Visual Studio 2010\Projects\Auto_TADD\Debug\TADD.lib" /MACHINE:X86 Debug\vision.res
         Debug\TADD.exe.embed.manifest.res
         Debug\stdafx.obj
         Debug\vision.obj
         Debug\visionDlg.obj
         vision.vcxproj -> C:\Users\Ran\Documents\Visual Studio 2010\Projects\Auto_TADD\Debug\TADD.exe
       FinalizeBuildStatus:
         Deleting file "Debug\TADD.unsuccessfulbuild".
         Touching "Debug\TADD.lastbuildstate".
     1>Done Building Project "C:\Users\Ran\Documents\Visual Studio 2010\Projects\Auto_TADD\vision\vision.vcxproj" (rebuild target(s)).

Build succeeded.

Time Elapsed 00:00:05.33
