This is pdfTeX, Version 3.1415926-2.5-1.40.14 (MiKTeX 2.9 64-bit) (preloaded format=pdflatex 2014.3.25)  20 NOV 2014 11:55
entering extended mode
**template.tex
("C:\Users\Ran\Desktop\papers\Food and Bioprocess Technology\LaTeX qa tadd\template.tex"
LaTeX2e <2011/06/27>
Babel <v3.8m> and hyphenation patterns for english, afrikaans, ancientgreek, arabic, armenian, assamese, basque, bengali
, bokmal, bulgarian, catalan, coptic, croatian, czech, danish, dutch, esperanto, estonian, farsi, finnish, french, galic
ian, german, german-x-2013-05-26, greek, gujarati, hindi, hungarian, icelandic, indonesian, interlingua, irish, italian,
 kannada, kurmanji, latin, latvian, lithuanian, malayalam, marathi, mongolian, mongolianlmc, monogreek, ngerman, ngerman
-x-2013-05-26, nynorsk, oriya, panjabi, pinyin, polish, portuguese, romanian, russian, sanskrit, serbian, slovak, sloven
ian, spanish, swedish, swissgerman, tamil, telugu, turkish, turkmen, ukenglish, ukrainian, uppersorbian, usenglishmax, w
elsh, loaded.
("C:\Program Files\MiKTeX 2.9\tex\latex\base\fix-cm.sty"
Package: fix-cm 2006/09/13 v1.1m fixes to LaTeX
 ("C:\Program Files\MiKTeX 2.9\tex\latex\base\ts1enc.def"
File: ts1enc.def 2001/06/05 v3.0e (jk/car/fm) Standard LaTeX file
))
("C:\Users\Ran\Desktop\papers\Food and Bioprocess Technology\LaTeX qa tadd\svjour3.cls"
Document Class: svjour3 2007/05/08 v3.2 
LaTeX document class for Springer journals
("C:\Program Files\MiKTeX 2.9\tex\latex\base\fleqn.clo"
File: fleqn.clo 1998/08/17 v1.1c Standard LaTeX option (flush left equations)
\mathindent=\dimen102
)
Class Springer-SVJour3 Info: extra/valid Springer sub-package (-> *.clo) 
(Springer-SVJour3)           not found in option list of \documentclass
(Springer-SVJour3)           - autoactivating "global" style.

("C:\Users\Ran\Desktop\papers\Food and Bioprocess Technology\LaTeX qa tadd\svglov3.clo"
File: svglov3.clo 2009/12/18 v3.2 style option for standardised journals

SVJour Class option: svglov3.clo for standardised journals
)
LaTeX Font Info:    Redeclaring math symbol \Gamma on input line 147.
LaTeX Font Info:    Redeclaring math symbol \Delta on input line 148.
LaTeX Font Info:    Redeclaring math symbol \Theta on input line 149.
LaTeX Font Info:    Redeclaring math symbol \Lambda on input line 150.
LaTeX Font Info:    Redeclaring math symbol \Xi on input line 151.
LaTeX Font Info:    Redeclaring math symbol \Pi on input line 152.
LaTeX Font Info:    Redeclaring math symbol \Sigma on input line 153.
LaTeX Font Info:    Redeclaring math symbol \Upsilon on input line 154.
LaTeX Font Info:    Redeclaring math symbol \Phi on input line 155.
LaTeX Font Info:    Redeclaring math symbol \Psi on input line 156.
LaTeX Font Info:    Redeclaring math symbol \Omega on input line 157.
\logodepth=\dimen103
\headerboxheight=\dimen104
\betweenumberspace=\dimen105
\aftertext=\dimen106
\headlineindent=\dimen107
\c@inst=\count79
\c@auth=\count80
\instindent=\dimen108
\authrun=\box26
\authorrunning=\toks14
\titrun=\box27
\titlerunning=\toks15
\combirun=\box28
\c@lastpage=\count81
\rubricwidth=\dimen109
\c@section=\count82
\c@subsection=\count83
\c@subsubsection=\count84
\c@paragraph=\count85
\c@subparagraph=\count86
\spthmsep=\dimen110
\c@theorem=\count87
\c@case=\count88
\c@conjecture=\count89
\c@corollary=\count90
\c@definition=\count91
\c@example=\count92
\c@exercise=\count93
\c@lemma=\count94
\c@note=\count95
\c@problem=\count96
\c@property=\count97
\c@proposition=\count98
\c@question=\count99
\c@solution=\count100
\c@remark=\count101
\c@figure=\count102
\c@table=\count103
\abovecaptionskip=\skip41
\belowcaptionskip=\skip42
\figcapgap=\dimen111
\tabcapgap=\dimen112
\figgap=\dimen113
\bibindent=\dimen114
\@tempcntc=\count104
) ("C:\Program Files\MiKTeX 2.9\tex\latex\graphics\graphicx.sty"
Package: graphicx 1999/02/16 v1.0f Enhanced LaTeX Graphics (DPC,SPQR)

("C:\Program Files\MiKTeX 2.9\tex\latex\graphics\keyval.sty"
Package: keyval 1999/03/16 v1.13 key=value parser (DPC)
\KV@toks@=\toks16
)
("C:\Program Files\MiKTeX 2.9\tex\latex\graphics\graphics.sty"
Package: graphics 2009/02/05 v1.0o Standard LaTeX Graphics (DPC,SPQR)
 ("C:\Program Files\MiKTeX 2.9\tex\latex\graphics\trig.sty"
Package: trig 1999/03/16 v1.09 sin cos tan (DPC)
) ("C:\Program Files\MiKTeX 2.9\tex\latex\00miktex\graphics.cfg"
File: graphics.cfg 2007/01/18 v1.5 graphics configuration of teTeX/TeXLive
)
Package graphics Info: Driver file: pdftex.def on input line 91.

("C:\Program Files\MiKTeX 2.9\tex\latex\pdftex-def\pdftex.def"
File: pdftex.def 2011/05/27 v0.06d Graphics/color for pdfTeX

("C:\Program Files\MiKTeX 2.9\tex\generic\oberdiek\infwarerr.sty"
Package: infwarerr 2010/04/08 v1.3 Providing info/warning/error messages (HO)
)
("C:\Program Files\MiKTeX 2.9\tex\generic\oberdiek\ltxcmds.sty"
Package: ltxcmds 2011/11/09 v1.22 LaTeX kernel commands for general use (HO)
)
\Gread@gobject=\count105
))
\Gin@req@height=\dimen115
\Gin@req@width=\dimen116
)
("C:\Program Files\MiKTeX 2.9\tex\latex\amsfonts\amssymb.sty"
Package: amssymb 2013/01/14 v3.01 AMS font symbols

("C:\Program Files\MiKTeX 2.9\tex\latex\amsfonts\amsfonts.sty"
Package: amsfonts 2013/01/14 v3.01 Basic AMSFonts support
\@emptytoks=\toks17
\symAMSa=\mathgroup4
\symAMSb=\mathgroup5
LaTeX Font Info:    Overwriting math alphabet `\mathfrak' in version `bold'
(Font)                  U/euf/m/n --> U/euf/b/n on input line 106.
))
("C:\Program Files\MiKTeX 2.9\tex\latex\algorithm2e\algorithm2e.sty"
Package: algorithm2e 2013/01/06 v5.00 algorithms environments
\c@AlgoLine=\count106

("C:\Program Files\MiKTeX 2.9\tex\latex\base\ifthen.sty"
Package: ifthen 2001/05/26 v1.1c Standard LaTeX ifthen package (DPC)
) ("C:\Program Files\MiKTeX 2.9\tex\latex\tools\xspace.sty"
Package: xspace 2009/10/20 v1.13 Space after command names (DPC,MH)
)
("C:\Program Files\MiKTeX 2.9\tex\latex\ltxmisc\relsize.sty"
Package: relsize 2003/07/04 ver 3.1


Package relsize Warning: Failed to get list of font sizes.
(relsize)                Falling back to old definition. on input line 81.

)
********************************************************
Package `algorithm2e' Release 5.0 -- january 06 2013 --
- algorithm2e-announce@lirmm.fr mailing list for announcement about releases
- algorithm2e-discussion@lirmm.fr mailing list for discussion about package
subscribe by emailing sympa@lirmm.fr with 'subscribe <list> <firstname name>'
- Author: Christophe Fiorio (cfiorio@um2.fr)
********************************************************
\skiptotal=\skip43
\skiplinenumber=\skip44
\skiprule=\skip45
\skiphlne=\skip46
\skiptext=\skip47
\skiplength=\skip48
\algomargin=\skip49
\skipalgocfslide=\skip50
\algowidth=\dimen117
\inoutsize=\dimen118
\inoutindent=\dimen119
\interspacetitleruled=\dimen120
\interspacealgoruled=\dimen121
\interspacetitleboxruled=\dimen122
\algocf@inoutbox=\box29
\algocf@inputbox=\box30
\AlCapSkip=\skip51
\AlCapHSkip=\skip52
\algoskipindent=\skip53
\algocf@nlbox=\box31
\algocf@hangingbox=\box32
\algocf@untilbox=\box33
\algocf@skipuntil=\skip54
\algocf@capbox=\box34
\algoheightruledefault=\skip55
\algoheightrule=\skip56
\algotitleheightruledefault=\skip57
\algotitleheightrule=\skip58
\c@algocfline=\count107
\c@algocfproc=\count108
\c@algocf=\count109
\algocf@algoframe=\box35
\algocf@algobox=\box36
) ("C:\Program Files\MiKTeX 2.9\tex\latex\url\url.sty"
\Urlmuskip=\muskip10
Package: url 2013/09/16  ver 3.4  Verb mode for urls, etc.
) ("C:\Program Files\MiKTeX 2.9\tex\latex\hyperref\hyperref.sty"
Package: hyperref 2012/11/06 v6.83m Hypertext links for LaTeX

("C:\Program Files\MiKTeX 2.9\tex\generic\oberdiek\hobsub-hyperref.sty"
Package: hobsub-hyperref 2012/04/25 v1.12 Bundle oberdiek, subset hyperref (HO)

("C:\Program Files\MiKTeX 2.9\tex\generic\oberdiek\hobsub-generic.sty"
Package: hobsub-generic 2012/04/25 v1.12 Bundle oberdiek, subset generic (HO)
Package: hobsub 2012/04/25 v1.12 Construct package bundles (HO)
Package hobsub Info: Skipping package `infwarerr' (already loaded).
Package hobsub Info: Skipping package `ltxcmds' (already loaded).
Package: ifluatex 2010/03/01 v1.3 Provides the ifluatex switch (HO)
Package ifluatex Info: LuaTeX not detected.
Package: ifvtex 2010/03/01 v1.5 Detect VTeX and its facilities (HO)
Package ifvtex Info: VTeX not detected.
Package: intcalc 2007/09/27 v1.1 Expandable calculations with integers (HO)
Package: ifpdf 2011/01/30 v2.3 Provides the ifpdf switch (HO)
Package ifpdf Info: pdfTeX in PDF mode is detected.
Package: etexcmds 2011/02/16 v1.5 Avoid name clashes with e-TeX commands (HO)
Package etexcmds Info: Could not find \expanded.
(etexcmds)             That can mean that you are not using pdfTeX 1.50 or
(etexcmds)             that some package has redefined \expanded.
(etexcmds)             In the latter case, load this package earlier.
Package: kvsetkeys 2012/04/25 v1.16 Key value parser (HO)
Package: kvdefinekeys 2011/04/07 v1.3 Define keys (HO)
Package: pdftexcmds 2011/11/29 v0.20 Utility functions of pdfTeX for LuaTeX (HO)
Package pdftexcmds Info: LuaTeX not detected.
Package pdftexcmds Info: \pdf@primitive is available.
Package pdftexcmds Info: \pdf@ifprimitive is available.
Package pdftexcmds Info: \pdfdraftmode found.
Package: pdfescape 2011/11/25 v1.13 Implements pdfTeX's escape features (HO)
Package: bigintcalc 2012/04/08 v1.3 Expandable calculations on big integers (HO)
Package: bitset 2011/01/30 v1.1 Handle bit-vector datatype (HO)
Package: uniquecounter 2011/01/30 v1.2 Provide unlimited unique counter (HO)
)
Package hobsub Info: Skipping package `hobsub' (already loaded).
Package: letltxmacro 2010/09/02 v1.4 Let assignment for LaTeX macros (HO)
Package: hopatch 2011/06/24 v1.1 Wrapper for package hooks (HO)
Package: xcolor-patch 2011/01/30 xcolor patch
Package: atveryend 2011/06/30 v1.8 Hooks at the very end of document (HO)
Package atveryend Info: \enddocument detected (standard20110627).
Package: atbegshi 2011/10/05 v1.16 At begin shipout hook (HO)
Package: refcount 2011/10/16 v3.4 Data extraction from label references (HO)
Package: hycolor 2011/01/30 v1.7 Color options for hyperref/bookmark (HO)
)
("C:\Program Files\MiKTeX 2.9\tex\generic\ifxetex\ifxetex.sty"
Package: ifxetex 2010/09/12 v0.6 Provides ifxetex conditional
)
("C:\Program Files\MiKTeX 2.9\tex\latex\oberdiek\auxhook.sty"
Package: auxhook 2011/03/04 v1.3 Hooks for auxiliary files (HO)
)
("C:\Program Files\MiKTeX 2.9\tex\latex\oberdiek\kvoptions.sty"
Package: kvoptions 2011/06/30 v3.11 Key value format for package options (HO)
)
\@linkdim=\dimen123
\Hy@linkcounter=\count110
\Hy@pagecounter=\count111

("C:\Program Files\MiKTeX 2.9\tex\latex\hyperref\pd1enc.def"
File: pd1enc.def 2012/11/06 v6.83m Hyperref: PDFDocEncoding definition (HO)
)
\Hy@SavedSpaceFactor=\count112

("C:\Program Files\MiKTeX 2.9\tex\latex\00miktex\hyperref.cfg"
File: hyperref.cfg 2002/06/06 v1.2 hyperref configuration of TeXLive
)
Package hyperref Info: Hyper figures OFF on input line 4443.
Package hyperref Info: Link nesting OFF on input line 4448.
Package hyperref Info: Hyper index ON on input line 4451.
Package hyperref Info: Plain pages OFF on input line 4458.
Package hyperref Info: Backreferencing OFF on input line 4463.
Package hyperref Info: Implicit mode ON; LaTeX internals redefined.
Package hyperref Info: Bookmarks ON on input line 4688.
\c@Hy@tempcnt=\count113
LaTeX Info: Redefining \url on input line 5041.
\XeTeXLinkMargin=\dimen124
\Fld@menulength=\count114
\Field@Width=\dimen125
\Fld@charsize=\dimen126
Package hyperref Info: Hyper figures OFF on input line 6295.
Package hyperref Info: Link nesting OFF on input line 6300.
Package hyperref Info: Hyper index ON on input line 6303.
Package hyperref Info: backreferencing OFF on input line 6310.
Package hyperref Info: Link coloring OFF on input line 6315.
Package hyperref Info: Link coloring with OCG OFF on input line 6320.
Package hyperref Info: PDF/A mode OFF on input line 6325.
LaTeX Info: Redefining \ref on input line 6365.
LaTeX Info: Redefining \pageref on input line 6369.
\Hy@abspage=\count115
\c@Item=\count116
\c@Hfootnote=\count117
)

Package hyperref Message: Driver (autodetected): hpdftex.

("C:\Program Files\MiKTeX 2.9\tex\latex\hyperref\hpdftex.def"
File: hpdftex.def 2012/11/06 v6.83m Hyperref driver for pdfTeX
\Fld@listcount=\count118
\c@bookmark@seq@number=\count119

("C:\Program Files\MiKTeX 2.9\tex\latex\oberdiek\rerunfilecheck.sty"
Package: rerunfilecheck 2011/04/15 v1.7 Rerun checks for auxiliary files (HO)
Package uniquecounter Info: New unique counter `rerunfilecheck' on input line 282.
)
\Hy@SectionHShift=\skip59
)
("C:\Users\Ran\Desktop\papers\Food and Bioprocess Technology\LaTeX qa tadd\template.aux")
LaTeX Font Info:    Checking defaults for OML/cmm/m/it on input line 46.
LaTeX Font Info:    ... okay on input line 46.
LaTeX Font Info:    Checking defaults for T1/cmr/m/n on input line 46.
LaTeX Font Info:    ... okay on input line 46.
LaTeX Font Info:    Checking defaults for OT1/cmr/m/n on input line 46.
LaTeX Font Info:    ... okay on input line 46.
LaTeX Font Info:    Checking defaults for OMS/cmsy/m/n on input line 46.
LaTeX Font Info:    ... okay on input line 46.
LaTeX Font Info:    Checking defaults for OMX/cmex/m/n on input line 46.
LaTeX Font Info:    ... okay on input line 46.
LaTeX Font Info:    Checking defaults for U/cmr/m/n on input line 46.
LaTeX Font Info:    ... okay on input line 46.
LaTeX Font Info:    Checking defaults for TS1/cmr/m/n on input line 46.
LaTeX Font Info:    ... okay on input line 46.
LaTeX Font Info:    Checking defaults for PD1/pdf/m/n on input line 46.
LaTeX Font Info:    ... okay on input line 46.

("C:\Program Files\MiKTeX 2.9\tex\context\base\supp-pdf.mkii"
[Loading MPS to PDF converter (version 2006.09.02).]
\scratchcounter=\count120
\scratchdimen=\dimen127
\scratchbox=\box37
\nofMPsegments=\count121
\nofMParguments=\count122
\everyMPshowfont=\toks18
\MPscratchCnt=\count123
\MPscratchDim=\dimen128
\MPnumerator=\count124
\makeMPintoPDFobject=\count125
\everyMPtoPDFconversion=\toks19
)
\AtBeginShipoutBox=\box38
Package hyperref Info: Link coloring OFF on input line 46.
 ("C:\Program Files\MiKTeX 2.9\tex\latex\hyperref\nameref.sty"
Package: nameref 2012/10/27 v2.43 Cross-referencing by name of section

("C:\Program Files\MiKTeX 2.9\tex\generic\oberdiek\gettitlestring.sty"
Package: gettitlestring 2010/12/03 v1.4 Cleanup title references (HO)
)
\c@section@level=\count126
)
LaTeX Info: Redefining \ref on input line 46.
LaTeX Info: Redefining \pageref on input line 46.
LaTeX Info: Redefining \nameref on input line 46.

("C:\Users\Ran\Desktop\papers\Food and Bioprocess Technology\LaTeX qa tadd\template.out")
("C:\Users\Ran\Desktop\papers\Food and Bioprocess Technology\LaTeX qa tadd\template.out")
\@outlinefile=\write3
LaTeX Font Info:    Try loading font information for U+msa on input line 92.

("C:\Program Files\MiKTeX 2.9\tex\latex\amsfonts\umsa.fd"
File: umsa.fd 2013/01/14 v3.01 AMS symbols A
)
LaTeX Font Info:    Try loading font information for U+msb on input line 92.
 ("C:\Program Files\MiKTeX 2.9\tex\latex\amsfonts\umsb.fd"
File: umsb.fd 2013/01/14 v3.01 AMS symbols B
)
LaTeX Font Info:    Calculating math sizes for size <8.5> on input line 92.

Underfull \hbox (badness 10000) in paragraph at lines 92--92

 []


Underfull \vbox (badness 1675) has occurred while \output is active []

 [1{C:/ProgramData/MiKTeX/2.9/pdftex/config/pdftex.map}


] <lightbox.jpg, id=37, 2028.57875pt x 2237.35875pt>
File: lightbox.jpg Graphic file (type jpg)
 <use lightbox.jpg>
Package pdftex.def Info: lightbox.jpg used on input line 115.
(pdftex.def)             Requested size: 238.96417pt x 263.5554pt.

Underfull \vbox (badness 10000) has occurred while \output is active []

 [2 <C:/Users/Ran/Desktop/papers/Food and Bioprocess Technology/LaTeX qa tadd/lightbox.jpg>]
Overfull \hbox (2.45303pt too wide) in paragraph at lines 130--131
\OT1/cmr/m/n/10 food prod-ucts are typ-i-cally fast-moving con-sumer goods.
 []

<overview.jpg, id=103, 893.3375pt x 652.4375pt>
File: overview.jpg Graphic file (type jpg)
 <use overview.jpg>
Package pdftex.def Info: overview.jpg used on input line 141.
(pdftex.def)             Requested size: 445.49698pt x 325.36179pt.

Underfull \hbox (badness 10000) in paragraph at lines 147--147
[][][][]$\OT1/cmtt/m/n/8.5 http : / / research . microsoft . com / en-[]us / projects /
 []


Overfull \hbox (2.53616pt too wide) in paragraph at lines 149--150
\OT1/cmr/m/n/10 tin-guish be-tween dif-fer-ent cat-e-gories. This stage re-quires
 []

[3]
Overfull \hbox (1.25851pt too wide) in paragraph at lines 152--153
\OT1/cmr/m/n/10 for back-ground seg-men-ta-tion. Af-ter the back-ground seg-
 []

<superpixel.jpg, id=130, 185.2521pt x 103.1052pt>
File: superpixel.jpg Graphic file (type jpg)
 <use superpixel.jpg>
Package pdftex.def Info: superpixel.jpg used on input line 160.
(pdftex.def)             Requested size: 238.96417pt x 132.99994pt.
 [4 <C:/Users/Ran/Desktop/papers/Food and Bioprocess Technology/LaTeX qa tadd/overview.jpg>] <gui.jpg, id=149, 276.7941p
t x 147.4308pt>
File: gui.jpg Graphic file (type jpg)
 <use gui.jpg>
Package pdftex.def Info: gui.jpg used on input line 184.
(pdftex.def)             Requested size: 475.20332pt x 253.1216pt.

<potatoes.jpg, id=155, 651.1527pt x 742.9356pt>
File: potatoes.jpg Graphic file (type jpg)
 <use potatoes.jpg>
Package pdftex.def Info: potatoes.jpg used on input line 197.
(pdftex.def)             Requested size: 396.00151pt x 451.8297pt.
 <ac.jpg, id=156, 608.5134pt x 221.1462pt>
File: ac.jpg Graphic file (type jpg)

<use ac.jpg>
Package pdftex.def Info: ac.jpg used on input line 209.
(pdftex.def)             Requested size: 495.0pt x 179.89342pt.
 [5 <C:/Users/Ran/Desktop/papers/Food and Bioprocess Technology/LaTeX qa tadd/superpixel.jpg>]
Underfull \vbox (badness 1152) has occurred while \output is active []


Overfull \hbox (0.28627pt too wide) in paragraph at lines 220--221
\OT1/cmr/m/n/10 com-pute the ac-cu-racy in de-tect-ing the good (blem-ished)
 []

<r1.jpg, id=189, 602.25pt x 820.9872pt>
File: r1.jpg Graphic file (type jpg)
 <use r1.jpg>
Package pdftex.def Info: r1.jpg used on input line 229.
(pdftex.def)             Requested size: 470.24849pt x 641.06897pt.
 [6 <C:/Users/Ran/Desktop/papers/Food and Bioprocess Technology/LaTeX qa tadd/gui.jpg>]
Underfull \vbox (badness 10000) has occurred while \output is active []


Underfull \vbox (badness 10000) has occurred while \output is active []

 [7 <C:/Users/Ran/Desktop/papers/Food and Bioprocess Technology/LaTeX qa tadd/potatoes.jpg>] <r2.jpg, id=210, 741.2493pt
 x 916.8654pt>
File: r2.jpg Graphic file (type jpg)
 <use r2.jpg>
Package pdftex.def Info: r2.jpg used on input line 258.
(pdftex.def)             Requested size: 495.0pt x 612.29604pt.

<r3.jpg, id=211, 835.6821pt x 477.9456pt>
File: r3.jpg Graphic file (type jpg)
 <use r3.jpg>
Package pdftex.def Info: r3.jpg used on input line 270.
(pdftex.def)             Requested size: 495.0pt x 283.10855pt.
 [8 <C:/Users/Ran/Desktop/papers/Food and Bioprocess Technology/LaTeX qa tadd/ac.jpg>] [9 <C:/Users/Ran/Desktop/papers/F
ood and Bioprocess Technology/LaTeX qa tadd/r1.jpg>] [10 <C:/Users/Ran/Desktop/papers/Food and Bioprocess Technology/LaT
eX qa tadd/r2.jpg>] <r4.jpg, id=228, 939.51pt x 468.0687pt>
File: r4.jpg Graphic file (type jpg)

<use r4.jpg>
Package pdftex.def Info: r4.jpg used on input line 281.
(pdftex.def)             Requested size: 495.0pt x 246.61108pt.

Underfull \vbox (badness 10000) has occurred while \output is active []

 [11 <C:/Users/Ran/Desktop/papers/Food and Bioprocess Technology/LaTeX qa tadd/r3.jpg>]
Underfull \vbox (badness 10000) has occurred while \output is active []


("C:\Users\Ran\Desktop\papers\Food and Bioprocess Technology\LaTeX qa tadd\template.bbl"
Underfull \hbox (badness 1342) in paragraph at lines 16--19
[]\OT1/cmr/m/n/8.5 Barnes, M., Duck-ett, T., Ciel-niak, G., Stroud, G.,
 []

[12 <C:/Users/Ran/Desktop/papers/Food and Bioprocess Technology/LaTeX qa tadd/r4.jpg>]
Underfull \hbox (badness 1789) in paragraph at lines 70--76
\OT1/cmr/m/n/8.5 ing and re-trieval of im-age data.  IEEE Trans-ac-
 []


Underfull \hbox (badness 1117) in paragraph at lines 70--76
\OT1/cmr/m/n/8.5 tions on Pat-tern Anal-y-sis and Ma-chine In-tel-li-gence
 []


Underfull \hbox (badness 1394) in paragraph at lines 70--76
\OT1/cmr/m/n/8.5 (PAMI - Spe-cial is-sue on Dig-i-tal Li-braries) \OT1/cmr/bx/n/8.5 18\OT1/cmr/m/n/8.5 (8),
 []


Underfull \hbox (badness 1112) in paragraph at lines 70--76
\OT1/cmr/m/n/8.5 837--42 (1996).  URL []$\OT1/cmtt/m/n/8.5 http : / / vision . ece . ucsb . edu /
 []


Underfull \hbox (badness 1584) in paragraph at lines 78--82
\OT1/cmr/m/n/8.5 Pro-ceed-ings of In-ter-na-tional Con-fer-ence on Pat-tern
 []


Underfull \hbox (badness 1163) in paragraph at lines 117--120
[]\OT1/cmr/m/n/8.5 Tao, Y., Mor-row, C., Heine-mann, P., Som-mer, H.:
 []

)
Package atveryend Info: Empty hook `BeforeClearDocument' on input line 309.
 [13]
Package atveryend Info: Empty hook `AfterLastShipout' on input line 309.
 ("C:\Users\Ran\Desktop\papers\Food and Bioprocess Technology\LaTeX qa tadd\template.aux")
Package atveryend Info: Executing hook `AtVeryEndDocument' on input line 309.
Package atveryend Info: Executing hook `AtEndAfterFileList' on input line 309.
Package rerunfilecheck Info: File `template.out' has not changed.
(rerunfilecheck)             Checksum: 1B66975685E107DE262FA5E58EB952DC;262.
Package atveryend Info: Empty hook `AtVeryVeryEnd' on input line 309.
 ) 
Here is how much of TeX's memory you used:
 7469 strings out of 493921
 109875 string characters out of 3147288
 213031 words of memory out of 3000000
 10622 multiletter control sequences out of 15000+200000
 14137 words of font info for 54 fonts, out of 3000000 for 9000
 841 hyphenation exceptions out of 8191
 29i,8n,33p,2194b,460s stack positions out of 5000i,500n,10000p,200000b,50000s
<C:/Program Files/MiKTeX 2.9/fonts/type1/public/amsfonts/cm/cmbsy10.pfb><C:/Program Files/MiKTeX 2.9/fonts/type1/publi
c/amsfonts/cm/cmbx10.pfb><C:/Program Files/MiKTeX 2.9/fonts/type1/public/amsfonts/cm/cmbx12.pfb><C:/Program Files/MiKTeX
 2.9/fonts/type1/public/amsfonts/cm/cmbx8.pfb><C:/Program Files/MiKTeX 2.9/fonts/type1/public/amsfonts/cm/cmex10.pfb><C:
/Program Files/MiKTeX 2.9/fonts/type1/public/amsfonts/cm/cmmi10.pfb><C:/Program Files/MiKTeX 2.9/fonts/type1/public/amsf
onts/cm/cmmi7.pfb><C:/Program Files/MiKTeX 2.9/fonts/type1/public/amsfonts/cm/cmr10.pfb><C:/Program Files/MiKTeX 2.9/fon
ts/type1/public/amsfonts/cm/cmr5.pfb><C:/Program Files/MiKTeX 2.9/fonts/type1/public/amsfonts/cm/cmr7.pfb><C:/Program Fi
les/MiKTeX 2.9/fonts/type1/public/amsfonts/cm/cmr8.pfb><C:/Program Files/MiKTeX 2.9/fonts/type1/public/amsfonts/cm/cmsy1
0.pfb><C:/Program Files/MiKTeX 2.9/fonts/type1/public/amsfonts/cm/cmti10.pfb><C:/Program Files/MiKTeX 2.9/fonts/type1/pu
blic/amsfonts/cm/cmtt8.pfb>
Output written on template.pdf (13 pages, 14311981 bytes).
PDF statistics:
 315 PDF objects out of 1000 (max. 8388607)
 73 named destinations out of 1000 (max. 500000)
 83 words of extra memory for PDF output out of 10000 (max. 10000000)

