Build started 17/11/2014 13:47:13.
     1>Project "C:\Users\Ran\Documents\Visual Studio 2010\Projects\Command_TADD\imagereg\imagereg.vcxproj" on node 2 (rebuild target(s)).
     1>_PrepareForClean:
         Deleting file "Debug\imagereg.lastbuildstate".
       InitializeBuildStatus:
         Creating "Debug\imagereg.unsuccessfulbuild" because "AlwaysCreate" was specified.
       ClCompile:
         c:\Program Files (x86)\Microsoft Visual Studio 10.0\VC\bin\CL.exe /c /ZI /nologo /W3 /WX- /Od /Oy- /D WIN32 /D _DEBUG /D _CONSOLE /D _UNICODE /D UNICODE /Gm /EHsc /RTC1 /MDd /GS /fp:precise /Zc:wchar_t /Zc:forScope /Fo"Debug\\" /Fd"Debug\vc100.pdb" /Gd /TP /analyze- /errorReport:prompt imagereg.cpp
         imagereg.cpp
     1>c:\users\ran\documents\visual studio 2010\projects\command_tadd\imagereg\imagereg.cpp(91): warning C4244: 'initializing' : conversion from 'double' to 'float', possible loss of data
     1>c:\users\ran\documents\visual studio 2010\projects\command_tadd\imagereg\imagereg.cpp(191): warning C4244: 'initializing' : conversion from 'double' to 'float', possible loss of data
     1>c:\users\ran\documents\visual studio 2010\projects\command_tadd\imagereg\imagereg.cpp(369): warning C4244: 'initializing' : conversion from 'double' to 'float', possible loss of data
       Link:
         c:\Program Files (x86)\Microsoft Visual Studio 10.0\VC\bin\link.exe /ERRORREPORT:PROMPT /OUT:"C:\Users\Ran\Documents\Visual Studio 2010\Projects\Command_TADD\Debug\imagereg.exe" /INCREMENTAL:NO /NOLOGO /LIBPATH:C:\OpenCV\build\x86\vc10\lib opencv_calib3d248d.lib opencv_core248d.lib opencv_features2d248d.lib opencv_flann248d.lib opencv_highgui248d.lib opencv_video248d.lib opencv_nonfree248d.lib opencv_imgproc248d.lib kernel32.lib user32.lib gdi32.lib winspool.lib comdlg32.lib advapi32.lib shell32.lib ole32.lib oleaut32.lib uuid.lib odbc32.lib odbccp32.lib /MANIFEST /ManifestFile:"Debug\imagereg.exe.intermediate.manifest" /MANIFESTUAC:"level='asInvoker' uiAccess='false'" /DEBUG /PDB:"C:\Users\Ran\Documents\Visual Studio 2010\Projects\Command_TADD\Debug\imagereg.pdb" /SUBSYSTEM:CONSOLE /TLBID:1 /DYNAMICBASE /NXCOMPAT /IMPLIB:"C:\Users\Ran\Documents\Visual Studio 2010\Projects\Command_TADD\Debug\imagereg.lib" /MACHINE:X86 Debug\imagereg.obj
     1>imagereg.obj : warning LNK4075: ignoring '/EDITANDCONTINUE' due to '/INCREMENTAL:NO' specification
         imagereg.vcxproj -> C:\Users\Ran\Documents\Visual Studio 2010\Projects\Command_TADD\Debug\imagereg.exe
       Manifest:
         C:\Program Files (x86)\Microsoft SDKs\Windows\v7.0A\bin\mt.exe /nologo /verbose /outputresource:"C:\Users\Ran\Documents\Visual Studio 2010\Projects\Command_TADD\Debug\imagereg.exe;#1" /manifest Debug\imagereg.exe.intermediate.manifest
       FinalizeBuildStatus:
         Deleting file "Debug\imagereg.unsuccessfulbuild".
         Touching "Debug\imagereg.lastbuildstate".
     1>Done Building Project "C:\Users\Ran\Documents\Visual Studio 2010\Projects\Command_TADD\imagereg\imagereg.vcxproj" (rebuild target(s)).

Build succeeded.

Time Elapsed 00:00:02.00
