C:\Users\Ran\Documents\Visual Studio 2010\Projects\Command_TADD\Debug\imagereg.exe
C:\Users\Ran\Documents\Visual Studio 2010\Projects\Command_TADD\Debug\imagereg.pdb
C:\Users\Ran\Documents\Visual Studio 2010\Projects\Command_TADD\imagereg\Debug\cl.command.1.tlog
C:\Users\Ran\Documents\Visual Studio 2010\Projects\Command_TADD\imagereg\Debug\CL.read.1.tlog
C:\Users\Ran\Documents\Visual Studio 2010\Projects\Command_TADD\imagereg\Debug\CL.write.1.tlog
C:\Users\Ran\Documents\Visual Studio 2010\Projects\Command_TADD\imagereg\Debug\imagereg.exe.intermediate.manifest
C:\Users\Ran\Documents\Visual Studio 2010\Projects\Command_TADD\imagereg\Debug\imagereg.obj
C:\Users\Ran\Documents\Visual Studio 2010\Projects\Command_TADD\imagereg\Debug\imagereg.write.1.tlog
C:\Users\Ran\Documents\Visual Studio 2010\Projects\Command_TADD\imagereg\Debug\link.command.1.tlog
C:\Users\Ran\Documents\Visual Studio 2010\Projects\Command_TADD\imagereg\Debug\link.read.1.tlog
C:\Users\Ran\Documents\Visual Studio 2010\Projects\Command_TADD\imagereg\Debug\link.write.1.tlog
C:\Users\Ran\Documents\Visual Studio 2010\Projects\Command_TADD\imagereg\Debug\mt.command.1.tlog
C:\Users\Ran\Documents\Visual Studio 2010\Projects\Command_TADD\imagereg\Debug\mt.read.1.tlog
C:\Users\Ran\Documents\Visual Studio 2010\Projects\Command_TADD\imagereg\Debug\mt.write.1.tlog
C:\Users\Ran\Documents\Visual Studio 2010\Projects\Command_TADD\imagereg\Debug\vc100.idb
C:\Users\Ran\Documents\Visual Studio 2010\Projects\Command_TADD\imagereg\Debug\vc100.pdb
C:\USERS\RAN\DOCUMENTS\VISUAL STUDIO 2010\PROJECTS\IMAGEREG_NEW\DEBUG\IMAGEREG.EXE
C:\USERS\RAN\DOCUMENTS\VISUAL STUDIO 2010\PROJECTS\IMAGEREG_NEW\DEBUG\IMAGEREG.PDB
C:\USERS\RAN\DOCUMENTS\VISUAL STUDIO 2010\PROJECTS\IMAGEREG_NEW\IMAGEREG\DEBUG\IMAGEREG.EXE.INTERMEDIATE.MANIFEST
C:\USERS\RAN\DOCUMENTS\VISUAL STUDIO 2010\PROJECTS\IMAGEREG_NEW\IMAGEREG\DEBUG\IMAGEREG.OBJ
C:\USERS\RAN\DOCUMENTS\VISUAL STUDIO 2010\PROJECTS\IMAGEREG_NEW\IMAGEREG\DEBUG\VC100.PDB
